.craved/bom
.craved/bom/input
.craved/bom/input/src
.craved/bom/input/src/include
.craved/bom/input/src/include/input.h
.craved/bom/input/src/include/inputlib.h
.craved/bom/input/src/include/inputasm.h
.craved/bom/input/src/inputasm.c
.craved/bom/input/src/inputlib.c
.craved/bom/input/src/obj
.craved/bom/input/src/obj/inputlib.o
.craved/bom/input/src/obj/input1.o
.craved/bom/input/src/obj/inputasm.o
.craved/bom/input/src/obj/main.o
.craved/bom/input/src/main.c
.craved/bom/input/src/input1.c
.craved/bom/input/src/lib
.craved/bom/input/src/lib/libinputlib.so
.craved/bom/output
.craved/bom/output/src
.craved/bom/output/src/inputasm.S
.craved/bom/output/src/obj
.craved/bom/output/src/obj/inputlib.o
.craved/bom/output/src/obj/main.o
.craved/bom/output/src/obj/input1.o
.craved/bom/output/src/lib
.craved/bom/output/src/lib/libinputlib.so
.craved/bom/output/src/testbillofmaterials
